Compilación iniciada a las 06/01/2016 13:31:07.
     1>Proyecto "E:\HVC-P_Omron (1)\HVC-P Omron\HVC-P_SampleCode_v1.0.0\HVC-P_SampleCode_v1.0.0\platform\vc10\register.vcxproj" en el nodo 2 (build destinos).
     1>InitializeBuildStatus:
         Se creará ".\Release\register.unsuccessfulbuild" porque se especificó "AlwaysCreate".
       ClCompile:
         C:\Program Files (x86)\Microsoft Visual Studio 10.0\VC\bin\CL.exe /c /I..\..\src\uart /I..\..\src\HVCApi /Zi /nologo /W3 /WX- /O2 /Ob1 /Oy- /D WIN32 /D NDEBUG /D _CONSOLE /D _VC80_UPGRADE=0x0600 /D _MBCS /GF /Gm- /EHsc /MT /GS /Gy /fp:precise /Zc:wchar_t /Zc:forScope /Fo".\Release\\" /Fd".\Release\vc100.pdb" /Gd /TC /analyze- /errorReport:prompt ..\..\src\register_main\register_main.c
         register_main.c
       Link:
         C:\Program Files (x86)\Microsoft Visual Studio 10.0\VC\bin\link.exe /ERRORREPORT:PROMPT /OUT:"../../bin/vc10/Release/register.exe" /INCREMENTAL:NO /NOLOGO /MANIFEST /ManifestFile:".\Release\register.exe.intermediate.manifest" /MANIFESTUAC:"level='asInvoker' uiAccess='false'" /PDB:"E:\HVC-P_Omron (1)\HVC-P Omron\HVC-P_SampleCode_v1.0.0\HVC-P_SampleCode_v1.0.0\bin\vc10\Release\register.pdb" /SUBSYSTEM:CONSOLE /TLBID:1 /DYNAMICBASE /NXCOMPAT /IMPLIB:"../../bin/vc10/Release/register.lib" /MACHINE:X86 .\Release\bitmap.obj
         .\Release\HVCApi.obj
         .\Release\register_main.obj
         .\Release\uart.obj
         register.vcxproj -> E:\HVC-P_Omron (1)\HVC-P Omron\HVC-P_SampleCode_v1.0.0\HVC-P_SampleCode_v1.0.0\platform\vc10\../../bin/vc10/Release/register.exe
       Manifest:
         C:\Program Files (x86)\Microsoft SDKs\Windows\v7.0A\bin\mt.exe /nologo /verbose /outputresource:"../../bin/vc10/Release/register.exe;#1" /manifest .\Release\register.exe.intermediate.manifest
       FinalizeBuildStatus:
         Se eliminará el archivo ".\Release\register.unsuccessfulbuild".
         Aplicando tarea Touch a ".\Release\register.lastbuildstate".
     1>Compilación del proyecto terminada "E:\HVC-P_Omron (1)\HVC-P Omron\HVC-P_SampleCode_v1.0.0\HVC-P_SampleCode_v1.0.0\platform\vc10\register.vcxproj" (build destinos).

Compilación correcta.

Tiempo transcurrido 00:00:00.71
