../../bin/vc10/Debug/sample.pdb
E:\HVC-P_OMRON (1)\HVC-P OMRON\HVC-P_SAMPLECODE_V1.0.0\HVC-P_SAMPLECODE_V1.0.0\BIN\VC10\DEBUG\SAMPLE.EXE
E:\HVC-P_OMRON (1)\HVC-P OMRON\HVC-P_SAMPLECODE_V1.0.0\HVC-P_SAMPLECODE_V1.0.0\BIN\VC10\DEBUG\SAMPLE.PDB
E:\HVC-P_Omron (1)\HVC-P Omron\HVC-P_SampleCode_v1.0.0\HVC-P_SampleCode_v1.0.0\platform\vc10\../../bin/vc10/Debug/sample.exe
E:\HVC-P_OMRON (1)\HVC-P OMRON\HVC-P_SAMPLECODE_V1.0.0\HVC-P_SAMPLECODE_V1.0.0\PLATFORM\VC10\DEBUG\BITMAP.OBJ
E:\HVC-P_Omron (1)\HVC-P Omron\HVC-P_SampleCode_v1.0.0\HVC-P_SampleCode_v1.0.0\platform\vc10\Debug\cl.command.1.tlog
E:\HVC-P_Omron (1)\HVC-P Omron\HVC-P_SampleCode_v1.0.0\HVC-P_SampleCode_v1.0.0\platform\vc10\Debug\CL.read.1.tlog
E:\HVC-P_Omron (1)\HVC-P Omron\HVC-P_SampleCode_v1.0.0\HVC-P_SampleCode_v1.0.0\platform\vc10\Debug\CL.write.1.tlog
E:\HVC-P_OMRON (1)\HVC-P OMRON\HVC-P_SAMPLECODE_V1.0.0\HVC-P_SAMPLECODE_V1.0.0\PLATFORM\VC10\DEBUG\HVCAPI.OBJ
E:\HVC-P_Omron (1)\HVC-P Omron\HVC-P_SampleCode_v1.0.0\HVC-P_SampleCode_v1.0.0\platform\vc10\Debug\link.command.1.tlog
E:\HVC-P_Omron (1)\HVC-P Omron\HVC-P_SampleCode_v1.0.0\HVC-P_SampleCode_v1.0.0\platform\vc10\Debug\link.read.1.tlog
E:\HVC-P_Omron (1)\HVC-P Omron\HVC-P_SampleCode_v1.0.0\HVC-P_SampleCode_v1.0.0\platform\vc10\Debug\link.write.1.tlog
E:\HVC-P_OMRON (1)\HVC-P OMRON\HVC-P_SAMPLECODE_V1.0.0\HVC-P_SAMPLECODE_V1.0.0\PLATFORM\VC10\DEBUG\MAIN.OBJ
E:\HVC-P_Omron (1)\HVC-P Omron\HVC-P_SampleCode_v1.0.0\HVC-P_SampleCode_v1.0.0\platform\vc10\Debug\mt.command.1.tlog
E:\HVC-P_Omron (1)\HVC-P Omron\HVC-P_SampleCode_v1.0.0\HVC-P_SampleCode_v1.0.0\platform\vc10\Debug\mt.read.1.tlog
E:\HVC-P_Omron (1)\HVC-P Omron\HVC-P_SampleCode_v1.0.0\HVC-P_SampleCode_v1.0.0\platform\vc10\Debug\mt.write.1.tlog
E:\HVC-P_OMRON (1)\HVC-P OMRON\HVC-P_SAMPLECODE_V1.0.0\HVC-P_SAMPLECODE_V1.0.0\PLATFORM\VC10\DEBUG\SAMPLE.EXE.INTERMEDIATE.MANIFEST
E:\HVC-P_Omron (1)\HVC-P Omron\HVC-P_SampleCode_v1.0.0\HVC-P_SampleCode_v1.0.0\platform\vc10\Debug\sample.write.1.tlog
E:\HVC-P_OMRON (1)\HVC-P OMRON\HVC-P_SAMPLECODE_V1.0.0\HVC-P_SAMPLECODE_V1.0.0\PLATFORM\VC10\DEBUG\UART.OBJ
E:\HVC-P_Omron (1)\HVC-P Omron\HVC-P_SampleCode_v1.0.0\HVC-P_SampleCode_v1.0.0\platform\vc10\Debug\vc100.idb
E:\HVC-P_OMRON (1)\HVC-P OMRON\HVC-P_SAMPLECODE_V1.0.0\HVC-P_SAMPLECODE_V1.0.0\PLATFORM\VC10\DEBUG\VC100.PDB
